<?xml version="1.0" encoding="UTF-8"?>
<!-- Generated by org.testng.reporters.JUnitReportReporter -->
<testsuite hostname="Admin-PC" failures="0" tests="6" name="frameworkpackage.FrameWorkCreationClass" time="5.236" errors="0" timestamp="2022-12-29T16:12:04 IST" skipped="2">
  <testcase classname="frameworkpackage.FrameWorkCreationClass" name="sampleForm" time="1.307"/>
  <system-out/>
  <testcase classname="frameworkpackage.FrameWorkCreationClass" name="sampleForm" time="1.941"/>
  <system-out/>
  <testcase classname="frameworkpackage.FrameWorkCreationClass" name="sampleForm" time="0.998"/>
  <system-out/>
  <testcase classname="frameworkpackage.FrameWorkCreationClass" name="sampleForm" time="0.984"/>
  <system-out/>
  <testcase classname="frameworkpackage.FrameWorkCreationClass" name="sampleForm" time="0.004">
    <skipped/>
  </testcase> <!-- sampleForm -->
  <system-out/>
  <testcase classname="frameworkpackage.FrameWorkCreationClass" name="sampleForm" time="0.002">
    <skipped/>
  </testcase> <!-- sampleForm -->
  <system-out/>
</testsuite> <!-- frameworkpackage.FrameWorkCreationClass -->
